<?xml version="1.0" encoding="UTF-8" ?>
<testsuite tests="7" failures="0" name="org.apache.mybatis.jpa.test.MybatisJpaApplicationTest" time="6.108" errors="0" skipped="0">
  <properties>
[...]
</properties>
  <testcase classname="org.apache.mybatis.jpa.test.MybatisJpaApplicationTest" name="insert" time="1.584"/>
  <testcase classname="org.apache.mybatis.jpa.test.MybatisJpaApplicationTest" name="remove" time="0.004"/>
  <testcase classname="org.apache.mybatis.jpa.test.MybatisJpaApplicationTest" name="findAll" time="0.034"/>
  <testcase classname="org.apache.mybatis.jpa.test.MybatisJpaApplicationTest" name="queryPageResultsByMapperId" time="0.016"/>
  <testcase classname="org.apache.mybatis.jpa.test.MybatisJpaApplicationTest" name="batchDelete" time="0.006"/>
  <testcase classname="org.apache.mybatis.jpa.test.MybatisJpaApplicationTest" name="queryPageResults" time="0.014"/>
  <testcase classname="org.apache.mybatis.jpa.test.MybatisJpaApplicationTest" name="get" time="0.009"/>
</testsuite>